<?xml version="1.0" encoding="UTF-8"?>
<testsuites name="jest tests" tests="1" failures="0" errors="0" time="1.544">
  <testsuite name="jupylot" errors="0" failures="0" skipped="0" timestamp="2023-08-03T03:27:48" time="1.215" tests="1">
    <testcase classname="jupylot should be tested" name="jupylot should be tested" time="0.002">
    </testcase>
  </testsuite>
</testsuites>